<?xml version="1.0" encoding="UTF-8"?>
<!-- Generated by org.testng.reporters.JUnitXMLReporter -->
<testsuite ignored="0" hostname="BISCUITS-LAPTOP" failures="0" tests="2" name="Test" time="32.124" errors="0" timestamp="2024-04-09T15:37:08 IST">
  <testcase classname="com.EStoreBazzarFresh.qa.Test.EStoreAddToCartTest" name="VerifyAddToCartTest" time="19.822"/>
  <testcase classname="com.EStoreBazzarFresh.qa.Test.EStoreBazzarFreshCheckoutTest" name="VerifyCheckoutTest" time="3.639"/>
</testsuite> <!-- Test -->
