<?xml version="1.0" encoding="UTF-8"?>
<testng-results ignored="0" total="2" passed="2" failed="0" skipped="0">
  <reporter-output>
  </reporter-output>
  <suite started-at="2024-04-09T15:36:36 IST" name="Suite" finished-at="2024-04-09T15:37:08 IST" duration-ms="32124">
    <groups>
    </groups>
    <test started-at="2024-04-09T15:36:36 IST" name="Test" finished-at="2024-04-09T15:37:08 IST" duration-ms="32124">
      <class name="com.EStoreBazzarFresh.qa.Test.EStoreAddToCartTest">
        <test-method is-config="true" signature="setUP()[pri:0, instance:com.EStoreBazzarFresh.qa.Test.EStoreAddToCartTest@1de5f259]" started-at="2024-04-09T15:36:36 IST" name="setUP" finished-at="2024-04-09T15:36:45 IST" duration-ms="8307" status="PASS">
          <reporter-output>
          </reporter-output>
        </test-method> <!-- setUP -->
        <test-method signature="VerifyAddToCartTest()[pri:0, instance:com.EStoreBazzarFresh.qa.Test.EStoreAddToCartTest@1de5f259]" started-at="2024-04-09T15:36:45 IST" name="VerifyAddToCartTest" finished-at="2024-04-09T15:37:04 IST" duration-ms="19822" status="PASS">
          <reporter-output>
          </reporter-output>
        </test-method> <!-- VerifyAddToCartTest -->
      </class> <!-- com.EStoreBazzarFresh.qa.Test.EStoreAddToCartTest -->
      <class name="com.EStoreBazzarFresh.qa.Test.EStoreBazzarFreshCheckoutTest">
        <test-method is-config="true" signature="setUP()[pri:0, instance:com.EStoreBazzarFresh.qa.Test.EStoreBazzarFreshCheckoutTest@121314f7]" started-at="2024-04-09T15:37:04 IST" name="setUP" finished-at="2024-04-09T15:37:04 IST" duration-ms="25" status="PASS">
          <reporter-output>
          </reporter-output>
        </test-method> <!-- setUP -->
        <test-method signature="VerifyCheckoutTest()[pri:0, instance:com.EStoreBazzarFresh.qa.Test.EStoreBazzarFreshCheckoutTest@121314f7]" started-at="2024-04-09T15:37:04 IST" name="VerifyCheckoutTest" finished-at="2024-04-09T15:37:08 IST" duration-ms="3639" status="PASS">
          <reporter-output>
          </reporter-output>
        </test-method> <!-- VerifyCheckoutTest -->
        <test-method is-config="true" signature="Teardown()[pri:0, instance:com.EStoreBazzarFresh.qa.Test.EStoreBazzarFreshCheckoutTest@121314f7]" started-at="2024-04-09T15:37:08 IST" name="Teardown" finished-at="2024-04-09T15:37:08 IST" duration-ms="241" status="PASS">
          <reporter-output>
          </reporter-output>
        </test-method> <!-- Teardown -->
      </class> <!-- com.EStoreBazzarFresh.qa.Test.EStoreBazzarFreshCheckoutTest -->
    </test> <!-- Test -->
  </suite> <!-- Suite -->
</testng-results>
